<?xml version="1.0" encoding="UTF-8"?>
<!-- Generated by org.testng.reporters.JUnitReportReporter -->
<testsuite hostname="DESKTOP-B5SU5KF" failures="0" tests="1" name="framework.MfineTest" time="32.785" errors="0" timestamp="2022-05-05T23:05:59 IST" skipped="0">
  <testcase classname="framework.MfineTest" name="launchMfineTest" time="32.785"/>
  <system-out/>
</testsuite> <!-- framework.MfineTest -->
