<?xml version="1.0" encoding="UTF-8"?>
<!-- Generated by org.testng.reporters.JUnitReportReporter -->
<testsuite hostname="DESKTOP-B5SU5KF" failures="0" tests="1" name="framework.MedPlusTest" time="17.455" errors="0" timestamp="2022-05-06T14:42:34 IST" skipped="0">
  <testcase classname="framework.MedPlusTest" name="medPlusLaunch" time="17.455"/>
  <system-out/>
</testsuite> <!-- framework.MedPlusTest -->
