<?xml version="1.0" encoding="UTF-8"?>
<!-- Generated by org.testng.reporters.JUnitReportReporter -->
<testsuite hostname="DESKTOP-B5SU5KF" failures="0" tests="1" name="dream11.TestScriptTest" time="73.254" errors="0" timestamp="2022-06-02T07:31:46 IST" skipped="0">
  <testcase classname="dream11.TestScriptTest" name="dream" time="73.254"/>
  <system-out/>
</testsuite> <!-- dream11.TestScriptTest -->
