<?xml version="1.0" encoding="UTF-8"?>
<!-- Generated by org.testng.reporters.JUnitReportReporter -->
<testsuite hostname="DESKTOP-B5SU5KF" failures="0" tests="1" name="activityappium.LaunchCalculatorApp" time="59.066" errors="0" timestamp="2022-05-04T14:25:41 IST" skipped="0">
  <testcase classname="activityappium.LaunchCalculatorApp" name="calculator" time="59.066"/>
  <system-out/>
</testsuite> <!-- activityappium.LaunchCalculatorApp -->
