<?xml version="1.0" encoding="UTF-8"?>
<!-- Generated by org.testng.reporters.JUnitReportReporter -->
<testsuite hostname="DESKTOP-B5SU5KF" failures="0" tests="1" name="dream11.VerifyTimeCountersonAllround" time="20.581" errors="0" timestamp="2022-06-02T13:03:02 IST" skipped="0">
  <testcase classname="dream11.VerifyTimeCountersonAllround" name="verifyTimeTest" time="20.581"/>
  <system-out/>
</testsuite> <!-- dream11.VerifyTimeCountersonAllround -->
