<?xml version="1.0" encoding="UTF-8"?>
<!-- Generated by org.testng.reporters.JUnitReportReporter -->
<testsuite hostname="DESKTOP-B5SU5KF" failures="0" tests="2" name="activityappium.ParallelTesting" time="78.755" errors="0" timestamp="2022-05-04T15:22:10 IST" skipped="0">
  <testcase classname="activityappium.ParallelTesting" name="parallelExecutionTest" time="53.412"/>
  <system-out/>
  <testcase classname="activityappium.ParallelTesting" name="parallelExecutionTest" time="25.343"/>
  <system-out/>
</testsuite> <!-- activityappium.ParallelTesting -->
